GET /users Thu Jul 11 2019 16:30:02 GMT+0530 (India Standard Time)
GET /users Thu Jul 11 2019 16:40:33 GMT+0530 (India Standard Time)
GET /users All users are or User is retrieved at Thu Jul 11 2019 16:46:05 GMT+0530 (India Standard Time)
POST /users New User has been ADDED at Thu Jul 11 2019 16:46:57 GMT+0530 (India Standard Time)
PUT /users/5d2378405e80923dc433d72b  User has been MODIFIED at Thu Jul 11 2019 16:47:15 GMT+0530 (India Standard Time)
GET /users All users are or User is retrieved at Thu Jul 11 2019 16:50:15 GMT+0530 (India Standard Time)
DELETE /users/5d237888424d9264603c1c80 User has been DELETED at Thu Jul 11 2019 16:50:41 GMT+0530 (India Standard Time)
PUT /users/5d2378405e80923dc433d72b  User has been MODIFIED at Thu Jul 11 2019 17:00:20 GMT+0530 (India Standard Time)
GET /users All users are or User is retrieved at Thu Jul 11 2019 17:01:03 GMT+0530 (India Standard Time)
[0mGET /api/users [32m200 [0m65.757 ms - 498[0m
[0mGET /api/users [32m200 [0m7.662 ms - 498[0m
[0mGET /api/users [32m200 [0m45.675 ms - 498[0m
[0mPOST /api/users [32m200 [0m20.076 ms - 28[0m
::1 - - [11/Jul/2019:11:44:14 +0000] "POST /api/users HTTP/1.1" 200 28 "-" "PostmanRuntime/7.15.0"
::1 - - [11/Jul/2019:11:44:18 +0000] "GET /api/users HTTP/1.1" 200 830 "-" "PostmanRuntime/7.15.0"
::1 - - [11/Jul/2019:12:10:36 +0000] "GET /api/users HTTP/1.1" 200 830 "http://localhost:4200/list-user" "Mozilla/5.0 (Windows NT 10.0; Win64; x64) AppleWebKit/537.36 (KHTML, like Gecko) Chrome/75.0.3770.100 Safari/537.36"
::1 - - [11/Jul/2019:12:10:43 +0000] "OPTIONS /api/users/5d271aa9f391c4785402b561 HTTP/1.1" 204 0 "http://localhost:4200/list-user" "Mozilla/5.0 (Windows NT 10.0; Win64; x64) AppleWebKit/537.36 (KHTML, like Gecko) Chrome/75.0.3770.100 Safari/537.36"
::1 - - [11/Jul/2019:12:10:45 +0000] "DELETE /api/users/5d271aa9f391c4785402b561 HTTP/1.1" 200 39 "http://localhost:4200/list-user" "Mozilla/5.0 (Windows NT 10.0; Win64; x64) AppleWebKit/537.36 (KHTML, like Gecko) Chrome/75.0.3770.100 Safari/537.36"
::1 - - [11/Jul/2019:12:10:48 +0000] "OPTIONS /api/users/5d2720d9714b095888380c1a HTTP/1.1" 204 0 "http://localhost:4200/list-user" "Mozilla/5.0 (Windows NT 10.0; Win64; x64) AppleWebKit/537.36 (KHTML, like Gecko) Chrome/75.0.3770.100 Safari/537.36"
::1 - - [11/Jul/2019:12:10:50 +0000] "DELETE /api/users/5d2720d9714b095888380c1a HTTP/1.1" 200 39 "http://localhost:4200/list-user" "Mozilla/5.0 (Windows NT 10.0; Win64; x64) AppleWebKit/537.36 (KHTML, like Gecko) Chrome/75.0.3770.100 Safari/537.36"
::1 - - [11/Jul/2019:12:10:53 +0000] "OPTIONS /api/users/5d27210ef218e11e2418057a HTTP/1.1" 204 0 "http://localhost:4200/list-user" "Mozilla/5.0 (Windows NT 10.0; Win64; x64) AppleWebKit/537.36 (KHTML, like Gecko) Chrome/75.0.3770.100 Safari/537.36"
::1 - - [11/Jul/2019:12:10:54 +0000] "DELETE /api/users/5d27210ef218e11e2418057a HTTP/1.1" 200 39 "http://localhost:4200/list-user" "Mozilla/5.0 (Windows NT 10.0; Win64; x64) AppleWebKit/537.36 (KHTML, like Gecko) Chrome/75.0.3770.100 Safari/537.36"
::1 - - [11/Jul/2019:12:10:57 +0000] "GET /api/users/NaN HTTP/1.1" 200 178 "http://localhost:4200/edit-user/5d240e81d983553ad4dfab7f" "Mozilla/5.0 (Windows NT 10.0; Win64; x64) AppleWebKit/537.36 (KHTML, like Gecko) Chrome/75.0.3770.100 Safari/537.36"
::1 - - [11/Jul/2019:12:11:09 +0000] "GET /api/users HTTP/1.1" 200 332 "http://localhost:4200/list-user" "Mozilla/5.0 (Windows NT 10.0; Win64; x64) AppleWebKit/537.36 (KHTML, like Gecko) Chrome/75.0.3770.100 Safari/537.36"
::1 - - [11/Jul/2019:12:14:13 +0000] "GET /api/users HTTP/1.1" 304 - "http://localhost:4200/list-user" "Mozilla/5.0 (Windows NT 10.0; Win64; x64) AppleWebKit/537.36 (KHTML, like Gecko) Chrome/75.0.3770.100 Safari/537.36"
::1 - - [11/Jul/2019:14:04:34 +0000] "GET /api/users HTTP/1.1" 304 - "http://localhost:4200/list-user" "Mozilla/5.0 (Windows NT 10.0; Win64; x64) AppleWebKit/537.36 (KHTML, like Gecko) Chrome/75.0.3770.100 Safari/537.36"
::1 - - [11/Jul/2019:14:04:38 +0000] "GET /api/users/NaN HTTP/1.1" 304 - "http://localhost:4200/edit-user/5d237de375e29a64741eabdd" "Mozilla/5.0 (Windows NT 10.0; Win64; x64) AppleWebKit/537.36 (KHTML, like Gecko) Chrome/75.0.3770.100 Safari/537.36"
::1 - - [11/Jul/2019:14:04:45 +0000] "GET /api/users HTTP/1.1" 304 - "http://localhost:4200/list-user" "Mozilla/5.0 (Windows NT 10.0; Win64; x64) AppleWebKit/537.36 (KHTML, like Gecko) Chrome/75.0.3770.100 Safari/537.36"
::1 - - [11/Jul/2019:14:05:48 +0000] "GET /api/users HTTP/1.1" 304 - "http://localhost:4200/list-user" "Mozilla/5.0 (Windows NT 10.0; Win64; x64) AppleWebKit/537.36 (KHTML, like Gecko) Chrome/75.0.3770.100 Safari/537.36"
::1 - - [11/Jul/2019:14:06:54 +0000] "GET /api/users HTTP/1.1" 304 - "http://localhost:4200/list-user" "Mozilla/5.0 (Windows NT 10.0; Win64; x64) AppleWebKit/537.36 (KHTML, like Gecko) Chrome/75.0.3770.100 Safari/537.36"
::1 - - [11/Jul/2019:14:06:56 +0000] "GET /api/users/NaN HTTP/1.1" 304 - "http://localhost:4200/edit-user/5d237de375e29a64741eabdd" "Mozilla/5.0 (Windows NT 10.0; Win64; x64) AppleWebKit/537.36 (KHTML, like Gecko) Chrome/75.0.3770.100 Safari/537.36"
::1 - - [11/Jul/2019:14:08:03 +0000] "GET /api/users/5d237de375e29a64741eabdd HTTP/1.1" 200 165 "http://localhost:4200/edit-user/5d237de375e29a64741eabdd" "Mozilla/5.0 (Windows NT 10.0; Win64; x64) AppleWebKit/537.36 (KHTML, like Gecko) Chrome/75.0.3770.100 Safari/537.36"
::1 - - [11/Jul/2019:14:09:11 +0000] "GET /api/users/5d237de375e29a64741eabdd HTTP/1.1" 304 - "http://localhost:4200/edit-user/5d237de375e29a64741eabdd" "Mozilla/5.0 (Windows NT 10.0; Win64; x64) AppleWebKit/537.36 (KHTML, like Gecko) Chrome/75.0.3770.100 Safari/537.36"
::1 - - [11/Jul/2019:14:09:16 +0000] "GET /api/users HTTP/1.1" 304 - "http://localhost:4200/list-user" "Mozilla/5.0 (Windows NT 10.0; Win64; x64) AppleWebKit/537.36 (KHTML, like Gecko) Chrome/75.0.3770.100 Safari/537.36"
::1 - - [11/Jul/2019:14:09:25 +0000] "GET /api/users HTTP/1.1" 304 - "http://localhost:4200/list-user" "Mozilla/5.0 (Windows NT 10.0; Win64; x64) AppleWebKit/537.36 (KHTML, like Gecko) Chrome/75.0.3770.100 Safari/537.36"
::1 - - [11/Jul/2019:14:09:27 +0000] "GET /api/users/5d237de375e29a64741eabdd HTTP/1.1" 304 - "http://localhost:4200/edit-user/5d237de375e29a64741eabdd" "Mozilla/5.0 (Windows NT 10.0; Win64; x64) AppleWebKit/537.36 (KHTML, like Gecko) Chrome/75.0.3770.100 Safari/537.36"
::1 - - [11/Jul/2019:14:10:28 +0000] "GET /api/users/5d237de375e29a64741eabdd HTTP/1.1" 304 - "http://localhost:4200/edit-user/5d237de375e29a64741eabdd" "Mozilla/5.0 (Windows NT 10.0; Win64; x64) AppleWebKit/537.36 (KHTML, like Gecko) Chrome/75.0.3770.100 Safari/537.36"
::1 - - [11/Jul/2019:14:12:00 +0000] "GET /api/users/5d237de375e29a64741eabdd HTTP/1.1" 304 - "http://localhost:4200/edit-user/5d237de375e29a64741eabdd" "Mozilla/5.0 (Windows NT 10.0; Win64; x64) AppleWebKit/537.36 (KHTML, like Gecko) Chrome/75.0.3770.100 Safari/537.36"
::1 - - [11/Jul/2019:14:12:06 +0000] "GET /api/users HTTP/1.1" 304 - "http://localhost:4200/list-user" "Mozilla/5.0 (Windows NT 10.0; Win64; x64) AppleWebKit/537.36 (KHTML, like Gecko) Chrome/75.0.3770.100 Safari/537.36"
::1 - - [11/Jul/2019:14:12:14 +0000] "GET /api/users HTTP/1.1" 304 - "http://localhost:4200/list-user" "Mozilla/5.0 (Windows NT 10.0; Win64; x64) AppleWebKit/537.36 (KHTML, like Gecko) Chrome/75.0.3770.100 Safari/537.36"
::1 - - [11/Jul/2019:14:12:18 +0000] "GET /api/users/5d237de375e29a64741eabdd HTTP/1.1" 304 - "http://localhost:4200/edit-user/5d237de375e29a64741eabdd" "Mozilla/5.0 (Windows NT 10.0; Win64; x64) AppleWebKit/537.36 (KHTML, like Gecko) Chrome/75.0.3770.100 Safari/537.36"
::1 - - [11/Jul/2019:14:13:03 +0000] "GET /api/users/5d237de375e29a64741eabdd HTTP/1.1" 304 - "http://localhost:4200/edit-user/5d237de375e29a64741eabdd" "Mozilla/5.0 (Windows NT 10.0; Win64; x64) AppleWebKit/537.36 (KHTML, like Gecko) Chrome/75.0.3770.100 Safari/537.36"
::1 - - [11/Jul/2019:14:13:33 +0000] "GET /api/users/5d237de375e29a64741eabdd HTTP/1.1" 304 - "http://localhost:4200/edit-user/5d237de375e29a64741eabdd" "Mozilla/5.0 (Windows NT 10.0; Win64; x64) AppleWebKit/537.36 (KHTML, like Gecko) Chrome/75.0.3770.100 Safari/537.36"
::1 - - [11/Jul/2019:14:13:51 +0000] "GET /api/users/5d237de375e29a64741eabdd HTTP/1.1" 304 - "http://localhost:4200/edit-user/5d237de375e29a64741eabdd" "Mozilla/5.0 (Windows NT 10.0; Win64; x64) AppleWebKit/537.36 (KHTML, like Gecko) Chrome/75.0.3770.100 Safari/537.36"
::1 - - [11/Jul/2019:14:14:33 +0000] "GET /api/users/5d237de375e29a64741eabdd HTTP/1.1" 304 - "http://localhost:4200/edit-user/5d237de375e29a64741eabdd" "Mozilla/5.0 (Windows NT 10.0; Win64; x64) AppleWebKit/537.36 (KHTML, like Gecko) Chrome/75.0.3770.100 Safari/537.36"
::1 - - [11/Jul/2019:14:14:39 +0000] "GET /api/users HTTP/1.1" 304 - "http://localhost:4200/list-user" "Mozilla/5.0 (Windows NT 10.0; Win64; x64) AppleWebKit/537.36 (KHTML, like Gecko) Chrome/75.0.3770.100 Safari/537.36"
::1 - - [11/Jul/2019:14:15:10 +0000] "GET /api/users HTTP/1.1" 304 - "http://localhost:4200/list-user" "Mozilla/5.0 (Windows NT 10.0; Win64; x64) AppleWebKit/537.36 (KHTML, like Gecko) Chrome/75.0.3770.100 Safari/537.36"
::1 - - [11/Jul/2019:14:15:21 +0000] "GET /api/users/5d237de375e29a64741eabdd HTTP/1.1" 304 - "http://localhost:4200/edit-user/5d237de375e29a64741eabdd" "Mozilla/5.0 (Windows NT 10.0; Win64; x64) AppleWebKit/537.36 (KHTML, like Gecko) Chrome/75.0.3770.100 Safari/537.36"
::1 - - [11/Jul/2019:14:15:24 +0000] "GET /api/users HTTP/1.1" 304 - "http://localhost:4200/list-user" "Mozilla/5.0 (Windows NT 10.0; Win64; x64) AppleWebKit/537.36 (KHTML, like Gecko) Chrome/75.0.3770.100 Safari/537.36"
::1 - - [11/Jul/2019:14:15:31 +0000] "GET /api/users HTTP/1.1" 304 - "http://localhost:4200/list-user" "Mozilla/5.0 (Windows NT 10.0; Win64; x64) AppleWebKit/537.36 (KHTML, like Gecko) Chrome/75.0.3770.100 Safari/537.36"
::1 - - [11/Jul/2019:14:15:43 +0000] "GET /api/users HTTP/1.1" 304 - "http://localhost:4200/list-user" "Mozilla/5.0 (Windows NT 10.0; Win64; x64) AppleWebKit/537.36 (KHTML, like Gecko) Chrome/75.0.3770.100 Safari/537.36"
::1 - - [11/Jul/2019:14:15:57 +0000] "GET /api/users HTTP/1.1" 304 - "http://localhost:4200/list-user" "Mozilla/5.0 (Windows NT 10.0; Win64; x64) AppleWebKit/537.36 (KHTML, like Gecko) Chrome/75.0.3770.100 Safari/537.36"
::1 - - [11/Jul/2019:14:17:22 +0000] "GET /api/users HTTP/1.1" 304 - "http://localhost:4200/list-user" "Mozilla/5.0 (Windows NT 10.0; Win64; x64) AppleWebKit/537.36 (KHTML, like Gecko) Chrome/75.0.3770.100 Safari/537.36"
::1 - - [11/Jul/2019:14:18:39 +0000] "GET /api/users HTTP/1.1" 304 - "http://localhost:4200/list-user" "Mozilla/5.0 (Windows NT 10.0; Win64; x64) AppleWebKit/537.36 (KHTML, like Gecko) Chrome/75.0.3770.100 Safari/537.36"
::1 - - [11/Jul/2019:14:18:41 +0000] "GET /api/users/5d237de375e29a64741eabdd HTTP/1.1" 304 - "http://localhost:4200/edit-user/5d237de375e29a64741eabdd" "Mozilla/5.0 (Windows NT 10.0; Win64; x64) AppleWebKit/537.36 (KHTML, like Gecko) Chrome/75.0.3770.100 Safari/537.36"
::1 - - [11/Jul/2019:14:24:48 +0000] "GET /api/users HTTP/1.1" 200 2 "http://localhost:4200/list-user" "Mozilla/5.0 (Windows NT 10.0; Win64; x64) AppleWebKit/537.36 (KHTML, like Gecko) Chrome/75.0.3770.100 Safari/537.36"
::1 - - [11/Jul/2019:14:24:56 +0000] "GET /api/users HTTP/1.1" 304 - "http://localhost:4200/list-user" "Mozilla/5.0 (Windows NT 10.0; Win64; x64) AppleWebKit/537.36 (KHTML, like Gecko) Chrome/75.0.3770.100 Safari/537.36"
::1 - - [11/Jul/2019:14:26:52 +0000] "GET /api/users HTTP/1.1" 304 - "http://localhost:4200/list-user" "Mozilla/5.0 (Windows NT 10.0; Win64; x64) AppleWebKit/537.36 (KHTML, like Gecko) Chrome/75.0.3770.100 Safari/537.36"
::1 - - [11/Jul/2019:14:28:46 +0000] "OPTIONS /api/users HTTP/1.1" 204 0 "http://localhost:4200/add-user" "Mozilla/5.0 (Windows NT 10.0; Win64; x64) AppleWebKit/537.36 (KHTML, like Gecko) Chrome/75.0.3770.100 Safari/537.36"
::1 - - [11/Jul/2019:14:28:47 +0000] "POST /api/users HTTP/1.1" 200 28 "http://localhost:4200/add-user" "Mozilla/5.0 (Windows NT 10.0; Win64; x64) AppleWebKit/537.36 (KHTML, like Gecko) Chrome/75.0.3770.100 Safari/537.36"
::1 - - [11/Jul/2019:14:28:48 +0000] "GET /api/users HTTP/1.1" 200 164 "http://localhost:4200/list-user" "Mozilla/5.0 (Windows NT 10.0; Win64; x64) AppleWebKit/537.36 (KHTML, like Gecko) Chrome/75.0.3770.100 Safari/537.36"
::1 - - [11/Jul/2019:14:30:03 +0000] "OPTIONS /api/users HTTP/1.1" 204 0 "http://localhost:4200/add-user" "Mozilla/5.0 (Windows NT 10.0; Win64; x64) AppleWebKit/537.36 (KHTML, like Gecko) Chrome/75.0.3770.100 Safari/537.36"
::1 - - [11/Jul/2019:14:30:03 +0000] "POST /api/users HTTP/1.1" 200 28 "http://localhost:4200/add-user" "Mozilla/5.0 (Windows NT 10.0; Win64; x64) AppleWebKit/537.36 (KHTML, like Gecko) Chrome/75.0.3770.100 Safari/537.36"
::1 - - [11/Jul/2019:14:30:04 +0000] "GET /api/users HTTP/1.1" 200 330 "http://localhost:4200/list-user" "Mozilla/5.0 (Windows NT 10.0; Win64; x64) AppleWebKit/537.36 (KHTML, like Gecko) Chrome/75.0.3770.100 Safari/537.36"
::1 - - [11/Jul/2019:14:30:32 +0000] "OPTIONS /api/users HTTP/1.1" 204 0 "http://localhost:4200/add-user" "Mozilla/5.0 (Windows NT 10.0; Win64; x64) AppleWebKit/537.36 (KHTML, like Gecko) Chrome/75.0.3770.100 Safari/537.36"
::1 - - [11/Jul/2019:14:30:33 +0000] "POST /api/users HTTP/1.1" 200 28 "http://localhost:4200/add-user" "Mozilla/5.0 (Windows NT 10.0; Win64; x64) AppleWebKit/537.36 (KHTML, like Gecko) Chrome/75.0.3770.100 Safari/537.36"
::1 - - [11/Jul/2019:14:30:34 +0000] "GET /api/users HTTP/1.1" 200 499 "http://localhost:4200/list-user" "Mozilla/5.0 (Windows NT 10.0; Win64; x64) AppleWebKit/537.36 (KHTML, like Gecko) Chrome/75.0.3770.100 Safari/537.36"
::1 - - [11/Jul/2019:14:30:42 +0000] "OPTIONS /api/users/5d2748088c6fad66a891b397 HTTP/1.1" 204 0 "http://localhost:4200/list-user" "Mozilla/5.0 (Windows NT 10.0; Win64; x64) AppleWebKit/537.36 (KHTML, like Gecko) Chrome/75.0.3770.100 Safari/537.36"
::1 - - [11/Jul/2019:14:30:43 +0000] "DELETE /api/users/5d2748088c6fad66a891b397 HTTP/1.1" 200 39 "http://localhost:4200/list-user" "Mozilla/5.0 (Windows NT 10.0; Win64; x64) AppleWebKit/537.36 (KHTML, like Gecko) Chrome/75.0.3770.100 Safari/537.36"
::1 - - [11/Jul/2019:14:30:46 +0000] "GET /api/users/5d27479e8c6fad66a891b395 HTTP/1.1" 200 162 "http://localhost:4200/edit-user/5d27479e8c6fad66a891b395" "Mozilla/5.0 (Windows NT 10.0; Win64; x64) AppleWebKit/537.36 (KHTML, like Gecko) Chrome/75.0.3770.100 Safari/537.36"
::1 - - [11/Jul/2019:14:30:59 +0000] "GET /api/users HTTP/1.1" 200 330 "http://localhost:4200/list-user" "Mozilla/5.0 (Windows NT 10.0; Win64; x64) AppleWebKit/537.36 (KHTML, like Gecko) Chrome/75.0.3770.100 Safari/537.36"
::1 - - [11/Jul/2019:14:31:01 +0000] "GET /api/users/5d27479e8c6fad66a891b395 HTTP/1.1" 304 - "http://localhost:4200/edit-user/5d27479e8c6fad66a891b395" "Mozilla/5.0 (Windows NT 10.0; Win64; x64) AppleWebKit/537.36 (KHTML, like Gecko) Chrome/75.0.3770.100 Safari/537.36"
::1 - - [11/Jul/2019:14:34:52 +0000] "GET /api/users HTTP/1.1" 304 - "http://localhost:4200/list-user" "Mozilla/5.0 (Windows NT 10.0; Win64; x64) AppleWebKit/537.36 (KHTML, like Gecko) Chrome/75.0.3770.100 Safari/537.36"
::1 - - [11/Jul/2019:14:34:56 +0000] "GET /api/users HTTP/1.1" 304 - "http://localhost:4200/list-user" "Mozilla/5.0 (Windows NT 10.0; Win64; x64) AppleWebKit/537.36 (KHTML, like Gecko) Chrome/75.0.3770.100 Safari/537.36"
::1 - - [11/Jul/2019:14:35:03 +0000] "GET /api/users/5d27479e8c6fad66a891b395 HTTP/1.1" 200 154 "http://localhost:4200/edit-user/5d27479e8c6fad66a891b395" "Mozilla/5.0 (Windows NT 10.0; Win64; x64) AppleWebKit/537.36 (KHTML, like Gecko) Chrome/75.0.3770.100 Safari/537.36"
::1 - - [11/Jul/2019:14:38:59 +0000] "GET /api/users HTTP/1.1" 304 - "http://localhost:4200/list-user" "Mozilla/5.0 (Windows NT 10.0; Win64; x64) AppleWebKit/537.36 (KHTML, like Gecko) Chrome/75.0.3770.100 Safari/537.36"
::1 - - [11/Jul/2019:14:39:03 +0000] "GET /api/users HTTP/1.1" 304 - "http://localhost:4200/list-user" "Mozilla/5.0 (Windows NT 10.0; Win64; x64) AppleWebKit/537.36 (KHTML, like Gecko) Chrome/75.0.3770.100 Safari/537.36"
::1 - - [11/Jul/2019:14:39:08 +0000] "GET /api/users/5d27479e8c6fad66a891b395 HTTP/1.1" 304 - "http://localhost:4200/edit-user/5d27479e8c6fad66a891b395" "Mozilla/5.0 (Windows NT 10.0; Win64; x64) AppleWebKit/537.36 (KHTML, like Gecko) Chrome/75.0.3770.100 Safari/537.36"
::1 - - [11/Jul/2019:14:40:08 +0000] "GET /api/users/5d27479e8c6fad66a891b395 HTTP/1.1" 200 121 "http://localhost:4200/edit-user/5d27479e8c6fad66a891b395" "Mozilla/5.0 (Windows NT 10.0; Win64; x64) AppleWebKit/537.36 (KHTML, like Gecko) Chrome/75.0.3770.100 Safari/537.36"
::1 - - [11/Jul/2019:14:40:20 +0000] "GET /api/users/5d27479e8c6fad66a891b395 HTTP/1.1" 304 - "http://localhost:4200/edit-user/5d27479e8c6fad66a891b395" "Mozilla/5.0 (Windows NT 10.0; Win64; x64) AppleWebKit/537.36 (KHTML, like Gecko) Chrome/75.0.3770.100 Safari/537.36"
::1 - - [11/Jul/2019:14:40:43 +0000] "GET /api/users/5d27479e8c6fad66a891b395 HTTP/1.1" 304 - "http://localhost:4200/edit-user/5d27479e8c6fad66a891b395" "Mozilla/5.0 (Windows NT 10.0; Win64; x64) AppleWebKit/537.36 (KHTML, like Gecko) Chrome/75.0.3770.100 Safari/537.36"
::1 - - [11/Jul/2019:14:41:02 +0000] "GET /api/users HTTP/1.1" 304 - "http://localhost:4200/list-user" "Mozilla/5.0 (Windows NT 10.0; Win64; x64) AppleWebKit/537.36 (KHTML, like Gecko) Chrome/75.0.3770.100 Safari/537.36"
::1 - - [11/Jul/2019:14:41:24 +0000] "OPTIONS /api/users HTTP/1.1" 204 0 "http://localhost:4200/add-user" "Mozilla/5.0 (Windows NT 10.0; Win64; x64) AppleWebKit/537.36 (KHTML, like Gecko) Chrome/75.0.3770.100 Safari/537.36"
::1 - - [11/Jul/2019:14:41:24 +0000] "POST /api/users HTTP/1.1" 200 28 "http://localhost:4200/add-user" "Mozilla/5.0 (Windows NT 10.0; Win64; x64) AppleWebKit/537.36 (KHTML, like Gecko) Chrome/75.0.3770.100 Safari/537.36"
::1 - - [11/Jul/2019:14:41:25 +0000] "GET /api/users HTTP/1.1" 200 495 "http://localhost:4200/list-user" "Mozilla/5.0 (Windows NT 10.0; Win64; x64) AppleWebKit/537.36 (KHTML, like Gecko) Chrome/75.0.3770.100 Safari/537.36"
::1 - - [11/Jul/2019:14:41:32 +0000] "GET /api/users/5d274a9472ac2370f8d3554c HTTP/1.1" 200 123 "http://localhost:4200/edit-user/5d274a9472ac2370f8d3554c" "Mozilla/5.0 (Windows NT 10.0; Win64; x64) AppleWebKit/537.36 (KHTML, like Gecko) Chrome/75.0.3770.100 Safari/537.36"
::1 - - [11/Jul/2019:14:41:34 +0000] "GET /api/users HTTP/1.1" 304 - "http://localhost:4200/list-user" "Mozilla/5.0 (Windows NT 10.0; Win64; x64) AppleWebKit/537.36 (KHTML, like Gecko) Chrome/75.0.3770.100 Safari/537.36"
::1 - - [11/Jul/2019:14:41:38 +0000] "OPTIONS /api/users/5d274a9472ac2370f8d3554c HTTP/1.1" 204 0 "http://localhost:4200/list-user" "Mozilla/5.0 (Windows NT 10.0; Win64; x64) AppleWebKit/537.36 (KHTML, like Gecko) Chrome/75.0.3770.100 Safari/537.36"
::1 - - [11/Jul/2019:14:41:39 +0000] "DELETE /api/users/5d274a9472ac2370f8d3554c HTTP/1.1" 200 39 "http://localhost:4200/list-user" "Mozilla/5.0 (Windows NT 10.0; Win64; x64) AppleWebKit/537.36 (KHTML, like Gecko) Chrome/75.0.3770.100 Safari/537.36"
::1 - - [11/Jul/2019:14:41:47 +0000] "GET /api/users/5d2747eb8c6fad66a891b396 HTTP/1.1" 200 124 "http://localhost:4200/edit-user/5d2747eb8c6fad66a891b396" "Mozilla/5.0 (Windows NT 10.0; Win64; x64) AppleWebKit/537.36 (KHTML, like Gecko) Chrome/75.0.3770.100 Safari/537.36"
::1 - - [11/Jul/2019:14:41:56 +0000] "OPTIONS /api/users/undefined HTTP/1.1" 204 0 "http://localhost:4200/edit-user/5d2747eb8c6fad66a891b396" "Mozilla/5.0 (Windows NT 10.0; Win64; x64) AppleWebKit/537.36 (KHTML, like Gecko) Chrome/75.0.3770.100 Safari/537.36"
::1 - - [11/Jul/2019:14:41:56 +0000] "PUT /api/users/undefined HTTP/1.1" 200 196 "http://localhost:4200/edit-user/5d2747eb8c6fad66a891b396" "Mozilla/5.0 (Windows NT 10.0; Win64; x64) AppleWebKit/537.36 (KHTML, like Gecko) Chrome/75.0.3770.100 Safari/537.36"
::1 - - [11/Jul/2019:14:41:56 +0000] "GET /api/users HTTP/1.1" 200 330 "http://localhost:4200/list-user" "Mozilla/5.0 (Windows NT 10.0; Win64; x64) AppleWebKit/537.36 (KHTML, like Gecko) Chrome/75.0.3770.100 Safari/537.36"
::1 - - [11/Jul/2019:14:42:06 +0000] "GET /api/users/5d2747eb8c6fad66a891b396 HTTP/1.1" 304 - "http://localhost:4200/edit-user/5d2747eb8c6fad66a891b396" "Mozilla/5.0 (Windows NT 10.0; Win64; x64) AppleWebKit/537.36 (KHTML, like Gecko) Chrome/75.0.3770.100 Safari/537.36"
::1 - - [11/Jul/2019:14:42:15 +0000] "OPTIONS /api/users/undefined HTTP/1.1" 204 0 "http://localhost:4200/edit-user/5d2747eb8c6fad66a891b396" "Mozilla/5.0 (Windows NT 10.0; Win64; x64) AppleWebKit/537.36 (KHTML, like Gecko) Chrome/75.0.3770.100 Safari/537.36"
::1 - - [11/Jul/2019:14:42:15 +0000] "PUT /api/users/undefined HTTP/1.1" 200 196 "http://localhost:4200/edit-user/5d2747eb8c6fad66a891b396" "Mozilla/5.0 (Windows NT 10.0; Win64; x64) AppleWebKit/537.36 (KHTML, like Gecko) Chrome/75.0.3770.100 Safari/537.36"
::1 - - [11/Jul/2019:14:42:15 +0000] "GET /api/users HTTP/1.1" 304 - "http://localhost:4200/list-user" "Mozilla/5.0 (Windows NT 10.0; Win64; x64) AppleWebKit/537.36 (KHTML, like Gecko) Chrome/75.0.3770.100 Safari/537.36"
::1 - - [11/Jul/2019:14:42:25 +0000] "GET /api/users/5d2747eb8c6fad66a891b396 HTTP/1.1" 304 - "http://localhost:4200/edit-user/5d2747eb8c6fad66a891b396" "Mozilla/5.0 (Windows NT 10.0; Win64; x64) AppleWebKit/537.36 (KHTML, like Gecko) Chrome/75.0.3770.100 Safari/537.36"
::1 - - [11/Jul/2019:14:42:54 +0000] "GET /api/users/5d2747eb8c6fad66a891b396 HTTP/1.1" 304 - "http://localhost:4200/edit-user/5d2747eb8c6fad66a891b396" "Mozilla/5.0 (Windows NT 10.0; Win64; x64) AppleWebKit/537.36 (KHTML, like Gecko) Chrome/75.0.3770.100 Safari/537.36"
::1 - - [11/Jul/2019:14:43:09 +0000] "GET /api/users/5d2747eb8c6fad66a891b396 HTTP/1.1" 304 - "http://localhost:4200/edit-user/5d2747eb8c6fad66a891b396" "Mozilla/5.0 (Windows NT 10.0; Win64; x64) AppleWebKit/537.36 (KHTML, like Gecko) Chrome/75.0.3770.100 Safari/537.36"
::1 - - [11/Jul/2019:14:43:15 +0000] "GET /api/users HTTP/1.1" 304 - "http://localhost:4200/list-user" "Mozilla/5.0 (Windows NT 10.0; Win64; x64) AppleWebKit/537.36 (KHTML, like Gecko) Chrome/75.0.3770.100 Safari/537.36"
::1 - - [11/Jul/2019:14:43:21 +0000] "GET /api/users HTTP/1.1" 304 - "http://localhost:4200/list-user" "Mozilla/5.0 (Windows NT 10.0; Win64; x64) AppleWebKit/537.36 (KHTML, like Gecko) Chrome/75.0.3770.100 Safari/537.36"
::1 - - [11/Jul/2019:14:43:23 +0000] "GET /api/users/5d27479e8c6fad66a891b395 HTTP/1.1" 304 - "http://localhost:4200/edit-user/5d27479e8c6fad66a891b395" "Mozilla/5.0 (Windows NT 10.0; Win64; x64) AppleWebKit/537.36 (KHTML, like Gecko) Chrome/75.0.3770.100 Safari/537.36"
::1 - - [11/Jul/2019:14:43:38 +0000] "GET /api/users/5d27479e8c6fad66a891b395 HTTP/1.1" 304 - "http://localhost:4200/edit-user/5d27479e8c6fad66a891b395" "Mozilla/5.0 (Windows NT 10.0; Win64; x64) AppleWebKit/537.36 (KHTML, like Gecko) Chrome/75.0.3770.100 Safari/537.36"
::1 - - [11/Jul/2019:14:43:41 +0000] "GET /api/users HTTP/1.1" 304 - "http://localhost:4200/list-user" "Mozilla/5.0 (Windows NT 10.0; Win64; x64) AppleWebKit/537.36 (KHTML, like Gecko) Chrome/75.0.3770.100 Safari/537.36"
::1 - - [11/Jul/2019:14:43:50 +0000] "GET /api/users HTTP/1.1" 304 - "http://localhost:4200/list-user" "Mozilla/5.0 (Windows NT 10.0; Win64; x64) AppleWebKit/537.36 (KHTML, like Gecko) Chrome/75.0.3770.100 Safari/537.36"
::1 - - [11/Jul/2019:14:43:52 +0000] "GET /api/users/5d27479e8c6fad66a891b395 HTTP/1.1" 304 - "http://localhost:4200/edit-user/5d27479e8c6fad66a891b395" "Mozilla/5.0 (Windows NT 10.0; Win64; x64) AppleWebKit/537.36 (KHTML, like Gecko) Chrome/75.0.3770.100 Safari/537.36"
::1 - - [11/Jul/2019:14:44:34 +0000] "GET /api/users/5d27479e8c6fad66a891b395 HTTP/1.1" 200 154 "http://localhost:4200/edit-user/5d27479e8c6fad66a891b395" "Mozilla/5.0 (Windows NT 10.0; Win64; x64) AppleWebKit/537.36 (KHTML, like Gecko) Chrome/75.0.3770.100 Safari/537.36"
::1 - - [11/Jul/2019:14:44:44 +0000] "OPTIONS /api/users/5d27479e8c6fad66a891b395 HTTP/1.1" 204 0 "http://localhost:4200/edit-user/5d27479e8c6fad66a891b395" "Mozilla/5.0 (Windows NT 10.0; Win64; x64) AppleWebKit/537.36 (KHTML, like Gecko) Chrome/75.0.3770.100 Safari/537.36"
::1 - - [11/Jul/2019:14:44:45 +0000] "PUT /api/users/5d27479e8c6fad66a891b395 HTTP/1.1" 200 27 "http://localhost:4200/edit-user/5d27479e8c6fad66a891b395" "Mozilla/5.0 (Windows NT 10.0; Win64; x64) AppleWebKit/537.36 (KHTML, like Gecko) Chrome/75.0.3770.100 Safari/537.36"
::1 - - [11/Jul/2019:14:44:45 +0000] "GET /api/users HTTP/1.1" 200 335 "http://localhost:4200/list-user" "Mozilla/5.0 (Windows NT 10.0; Win64; x64) AppleWebKit/537.36 (KHTML, like Gecko) Chrome/75.0.3770.100 Safari/537.36"
::1 - - [11/Jul/2019:14:44:50 +0000] "GET /api/users/5d2747eb8c6fad66a891b396 HTTP/1.1" 200 157 "http://localhost:4200/edit-user/5d2747eb8c6fad66a891b396" "Mozilla/5.0 (Windows NT 10.0; Win64; x64) AppleWebKit/537.36 (KHTML, like Gecko) Chrome/75.0.3770.100 Safari/537.36"
::1 - - [11/Jul/2019:14:44:57 +0000] "OPTIONS /api/users/5d2747eb8c6fad66a891b396 HTTP/1.1" 204 0 "http://localhost:4200/edit-user/5d2747eb8c6fad66a891b396" "Mozilla/5.0 (Windows NT 10.0; Win64; x64) AppleWebKit/537.36 (KHTML, like Gecko) Chrome/75.0.3770.100 Safari/537.36"
::1 - - [11/Jul/2019:14:44:57 +0000] "PUT /api/users/5d2747eb8c6fad66a891b396 HTTP/1.1" 200 27 "http://localhost:4200/edit-user/5d2747eb8c6fad66a891b396" "Mozilla/5.0 (Windows NT 10.0; Win64; x64) AppleWebKit/537.36 (KHTML, like Gecko) Chrome/75.0.3770.100 Safari/537.36"
::1 - - [11/Jul/2019:14:44:57 +0000] "GET /api/users HTTP/1.1" 200 340 "http://localhost:4200/list-user" "Mozilla/5.0 (Windows NT 10.0; Win64; x64) AppleWebKit/537.36 (KHTML, like Gecko) Chrome/75.0.3770.100 Safari/537.36"
::1 - - [11/Jul/2019:14:45:23 +0000] "GET /api/users HTTP/1.1" 304 - "http://localhost:4200/list-user" "Mozilla/5.0 (Windows NT 10.0; Win64; x64) AppleWebKit/537.36 (KHTML, like Gecko) Chrome/75.0.3770.100 Safari/537.36"
